> Task :app:checkKotlinGradlePluginConfigurationErrors SKIPPED
> Task :app:preBuild UP-TO-DATE
> Task :app:preDebugBuild UP-TO-DATE
> Task :app:checkDebugAarMetadata UP-TO-DATE
> Task :app:processDebugNavigationResources UP-TO-DATE
> Task :app:compileDebugNavigationResources UP-TO-DATE
> Task :app:generateDebugResValues UP-TO-DATE
> Task :app:mapDebugSourceSetPaths UP-TO-DATE
> Task :app:generateDebugResources UP-TO-DATE
> Task :app:mergeDebugResources UP-TO-DATE
> Task :app:packageDebugResources UP-TO-DATE
> Task :app:parseDebugLocalResources UP-TO-DATE
> Task :app:createDebugCompatibleScreenManifests UP-TO-DATE
> Task :app:extractDeepLinksDebug UP-TO-DATE
> Task :app:processDebugMainManifest UP-TO-DATE
> Task :app:processDebugManifest UP-TO-DATE
> Task :app:processDebugManifestForPackage UP-TO-DATE
> Task :app:processDebugResources UP-TO-DATE

> Task :app:kaptGenerateStubsDebugKotlin
w: Kapt currently doesn't support language version 2.0+. Falling back to 1.9.
e: file:///C:/Users/kuzvv/Desktop/Freeze/app/src/main/java/com/vlaados/freeze/features/friends/FriendsScreen.kt:114:25 Expecting an expression
e: file:///C:/Users/kuzvv/Desktop/Freeze/app/src/main/java/com/vlaados/freeze/features/friends/FriendsScreen.kt:114:25 Expecting ')'
e: file:///C:/Users/kuzvv/Desktop/Freeze/app/src/main/java/com/vlaados/freeze/features/friends/FriendsScreen.kt:114:44 Expecting an element
e: file:///C:/Users/kuzvv/Desktop/Freeze/app/src/main/java/com/vlaados/freeze/features/friends/FriendsScreen.kt:114:56 Expecting an element
e: file:///C:/Users/kuzvv/Desktop/Freeze/app/src/main/java/com/vlaados/freeze/features/friends/FriendsScreen.kt:114:66 Expecting an element
e: file:///C:/Users/kuzvv/Desktop/Freeze/app/src/main/java/com/vlaados/freeze/features/friends/FriendsScreen.kt:114:67 Unexpected tokens (use ';' to separate expressions on the same line)
e: file:///C:/Users/kuzvv/Desktop/Freeze/app/src/main/java/com/vlaados/freeze/features/friends/FriendsScreen.kt:115:25 Expecting an element
e: file:///C:/Users/kuzvv/Desktop/Freeze/app/src/main/java/com/vlaados/freeze/features/friends/FriendsScreen.kt:115:30 Unexpected tokens (use ';' to separate expressions on the same line)
e: file:///C:/Users/kuzvv/Desktop/Freeze/app/src/main/java/com/vlaados/freeze/features/friends/FriendsScreen.kt:147:9 Expecting a top level declaration
e: file:///C:/Users/kuzvv/Desktop/Freeze/app/src/main/java/com/vlaados/freeze/features/friends/FriendsScreen.kt:148:5 Expecting a top level declaration
e: file:///C:/Users/kuzvv/Desktop/Freeze/app/src/main/java/com/vlaados/freeze/features/friends/FriendsScreen.kt:150:5 Expecting a top level declaration
e: file:///C:/Users/kuzvv/Desktop/Freeze/app/src/main/java/com/vlaados/freeze/features/friends/FriendsScreen.kt:150:8 Expecting a top level declaration
e: file:///C:/Users/kuzvv/Desktop/Freeze/app/src/main/java/com/vlaados/freeze/features/friends/FriendsScreen.kt:151:9 Expecting a top level declaration
e: file:///C:/Users/kuzvv/Desktop/Freeze/app/src/main/java/com/vlaados/freeze/features/friends/FriendsScreen.kt:151:18 Expecting a top level declaration
e: file:///C:/Users/kuzvv/Desktop/Freeze/app/src/main/java/com/vlaados/freeze/features/friends/FriendsScreen.kt:151:20 Expecting a top level declaration
e: file:///C:/Users/kuzvv/Desktop/Freeze/app/src/main/java/com/vlaados/freeze/features/friends/FriendsScreen.kt:152:13 Expecting a top level declaration
e: file:///C:/Users/kuzvv/Desktop/Freeze/app/src/main/java/com/vlaados/freeze/features/friends/FriendsScreen.kt:152:14 Expecting a top level declaration
e: file:///C:/Users/kuzvv/Desktop/Freeze/app/src/main/java/com/vlaados/freeze/features/friends/FriendsScreen.kt:152:25 Expecting a top level declaration
e: file:///C:/Users/kuzvv/Desktop/Freeze/app/src/main/java/com/vlaados/freeze/features/friends/FriendsScreen.kt:152:26 Expecting a top level declaration
e: file:///C:/Users/kuzvv/Desktop/Freeze/app/src/main/java/com/vlaados/freeze/features/friends/FriendsScreen.kt:153:13 Expecting a top level declaration
e: file:///C:/Users/kuzvv/Desktop/Freeze/app/src/main/java/com/vlaados/freeze/features/friends/FriendsScreen.kt:153:14 Expecting a top level declaration
e: file:///C:/Users/kuzvv/Desktop/Freeze/app/src/main/java/com/vlaados/freeze/features/friends/FriendsScreen.kt:153:24 Expecting a top level declaration
e: file:///C:/Users/kuzvv/Desktop/Freeze/app/src/main/java/com/vlaados/freeze/features/friends/FriendsScreen.kt:154:17 Expecting a top level declaration
e: file:///C:/Users/kuzvv/Desktop/Freeze/app/src/main/java/com/vlaados/freeze/features/friends/FriendsScreen.kt:154:23 Expecting a top level declaration
e: file:///C:/Users/kuzvv/Desktop/Freeze/app/src/main/java/com/vlaados/freeze/features/friends/FriendsScreen.kt:154:25 Expecting a top level declaration
e: file:///C:/Users/kuzvv/Desktop/Freeze/app/src/main/java/com/vlaados/freeze/features/friends/FriendsScreen.kt:154:30 Expecting a top level declaration
e: file:///C:/Users/kuzvv/Desktop/Freeze/app/src/main/java/com/vlaados/freeze/features/friends/FriendsScreen.kt:154:31 Expecting a top level declaration
e: file:///C:/Users/kuzvv/Desktop/Freeze/app/src/main/java/com/vlaados/freeze/features/friends/FriendsScreen.kt:154:47 Expecting a top level declaration
e: file:///C:/Users/kuzvv/Desktop/Freeze/app/src/main/java/com/vlaados/freeze/features/friends/FriendsScreen.kt:155:21 Expecting a top level declaration
e: file:///C:/Users/kuzvv/Desktop/Freeze/app/src/main/java/com/vlaados/freeze/features/friends/FriendsScreen.kt:155:28 Expecting a top level declaration
e: file:///C:/Users/kuzvv/Desktop/Freeze/app/src/main/java/com/vlaados/freeze/features/friends/FriendsScreen.kt:155:30 Expecting a top level declaration
e: file:///C:/Users/kuzvv/Desktop/Freeze/app/src/main/java/com/vlaados/freeze/features/friends/FriendsScreen.kt:155:36 Expecting a top level declaration
e: file:///C:/Users/kuzvv/Desktop/Freeze/app/src/main/java/com/vlaados/freeze/features/friends/FriendsScreen.kt:155:37 Expecting a top level declaration
e: file:///C:/Users/kuzvv/Desktop/Freeze/app/src/main/java/com/vlaados/freeze/features/friends/FriendsScreen.kt:155:42 Expecting a top level declaration
e: file:///C:/Users/kuzvv/Desktop/Freeze/app/src/main/java/com/vlaados/freeze/features/friends/FriendsScreen.kt:155:43 Expecting a top level declaration
e: file:///C:/Users/kuzvv/Desktop/Freeze/app/src/main/java/com/vlaados/freeze/features/friends/FriendsScreen.kt:155:45 Expecting a top level declaration
e: file:///C:/Users/kuzvv/Desktop/Freeze/app/src/main/java/com/vlaados/freeze/features/friends/FriendsScreen.kt:155:47 Expecting a top level declaration
e: file:///C:/Users/kuzvv/Desktop/Freeze/app/src/main/java/com/vlaados/freeze/features/friends/FriendsScreen.kt:155:49 Expecting a top level declaration
e: file:///C:/Users/kuzvv/Desktop/Freeze/app/src/main/java/com/vlaados/freeze/features/friends/FriendsScreen.kt:155:51 Expecting a top level declaration
e: file:///C:/Users/kuzvv/Desktop/Freeze/app/src/main/java/com/vlaados/freeze/features/friends/FriendsScreen.kt:155:54 Expecting a top level declaration
e: file:///C:/Users/kuzvv/Desktop/Freeze/app/src/main/java/com/vlaados/freeze/features/friends/FriendsScreen.kt:155:55 Expecting a top level declaration
e: file:///C:/Users/kuzvv/Desktop/Freeze/app/src/main/java/com/vlaados/freeze/features/friends/FriendsScreen.kt:155:57 Expecting a top level declaration
e: file:///C:/Users/kuzvv/Desktop/Freeze/app/src/main/java/com/vlaados/freeze/features/friends/FriendsScreen.kt:155:62 Expecting a top level declaration
e: file:///C:/Users/kuzvv/Desktop/Freeze/app/src/main/java/com/vlaados/freeze/features/friends/FriendsScreen.kt:155:63 Expecting a top level declaration
e: file:///C:/Users/kuzvv/Desktop/Freeze/app/src/main/java/com/vlaados/freeze/features/friends/FriendsScreen.kt:155:65 Expecting a top level declaration
e: file:///C:/Users/kuzvv/Desktop/Freeze/app/src/main/java/com/vlaados/freeze/features/friends/FriendsScreen.kt:155:67 Expecting a top level declaration
e: file:///C:/Users/kuzvv/Desktop/Freeze/app/src/main/java/com/vlaados/freeze/features/friends/FriendsScreen.kt:155:70 Expecting a top level declaration
e: file:///C:/Users/kuzvv/Desktop/Freeze/app/src/main/java/com/vlaados/freeze/features/friends/FriendsScreen.kt:155:72 Expecting a top level declaration
e: file:///C:/Users/kuzvv/Desktop/Freeze/app/src/main/java/com/vlaados/freeze/features/friends/FriendsScreen.kt:155:75 Expecting a top level declaration
e: file:///C:/Users/kuzvv/Desktop/Freeze/app/src/main/java/com/vlaados/freeze/features/friends/FriendsScreen.kt:155:76 Expecting a top level declaration
e: file:///C:/Users/kuzvv/Desktop/Freeze/app/src/main/java/com/vlaados/freeze/features/friends/FriendsScreen.kt:156:17 Expecting a top level declaration
e: file:///C:/Users/kuzvv/Desktop/Freeze/app/src/main/java/com/vlaados/freeze/features/friends/FriendsScreen.kt:157:13 Expecting a top level declaration
e: file:///C:/Users/kuzvv/Desktop/Freeze/app/src/main/java/com/vlaados/freeze/features/friends/FriendsScreen.kt:158:5 Expecting a top level declaration
e: file:///C:/Users/kuzvv/Desktop/Freeze/app/src/main/java/com/vlaados/freeze/features/friends/FriendsScreen.kt:158:7 Expecting a top level declaration
e: file:///C:/Users/kuzvv/Desktop/Freeze/app/src/main/java/com/vlaados/freeze/features/friends/FriendsScreen.kt:272:1 Expecting a top level declaration

> Task :app:kaptGenerateStubsDebugKotlin FAILED

FAILURE: Build failed with an exception.

* What went wrong:
Execution failed for task ':app:kaptGenerateStubsDebugKotlin'.
> A failure occurred while executing org.jetbrains.kotlin.compilerRunner.GradleCompilerRunnerWithWorkers$GradleKotlinCompilerWorkAction
   > Compilation error. See log for more details

* Try:
> Run with --stacktrace option to get the stack trace.
> Run with --info or --debug option to get more log output.
> Run with --scan to get full insights.
> Get more help at https://help.gradle.org.

BUILD FAILED in 4s
16 actionable tasks: 1 executed, 15 up-to-date
